===== s =====
[000]:NULL
[001]:NULL
[002]:17 -> NULL
[003]:8 -> NULL
[004]:NULL
===== e =====
===== s =====
[000]:NULL
[001]:NULL
[002]:17 -> NULL
[003]:8 -> NULL
[004]:NULL
===== e =====
===== s =====
[000]:NULL
[001]:NULL
[002]:17 -> NULL
[003]:8 -> 18 -> NULL
[004]:24 -> NULL
===== e =====
===== s =====
[000]:NULL
[001]:NULL
[002]:17 -> 37 -> NULL
[003]:8 -> 18 -> NULL
[004]:24 -> 64 -> 84 -> NULL
===== e =====
===== s =====
[000]:NULL
[001]:NULL
[002]:17 -> 37 -> NULL
[003]:8 -> NULL
[004]:24 -> 64 -> 84 -> NULL
===== e =====
