Case #1:
0000000
0000000
0000000
0001000
0000000
0000000
0000000
Case #2:
0000000
0000000
0000000
0000000
0000000
0000000
0000000
Case #3:
0000000
0000000
0000000
0000000
0000000
0000000
0000000
Case #4:
0000000
0000000
0000000
0000000
0000000
0000000
0000000
Case #5:
000000000000000000000000000
000000000000000000000000000
000000000000000000000000000
000100000000000000000000000
000000000000000000000000000
000000000000000000000000000
000000000000000000000000000
000000000000000000000000000
000000000000000000000000000
000100000000000000000000000
000000000000000000000000000
000000000000000000000000000
000000000000000000000000000
000000000000000000000000000
